Highest 任务管理器创建...
Higher 任务管理器创建...
High 任务管理器创建...
Normal 任务管理器创建...
Low 任务管理器创建...
Lower 任务管理器创建...
Lowest 任务管理器创建...
Highest 任务管理器初始化...
Higher 任务管理器初始化...
High 任务管理器初始化...
Normal 任务管理器初始化...
Low 任务管理器初始化...
Lower 任务管理器初始化...
Lowest 任务管理器初始化...
初始化任务管理器完毕...
memMgr_0 管理线程创建...
memWork_0 工作线程创建...
memWork_1 工作线程创建...
memWork_2 工作线程创建...
memWork_3 工作线程创建...
memWork_4 工作线程创建...
初始化线程成员完毕...
memWork_3 工作线程启动...
memWork_3 工作线程进入循环...
memWork_3 无任务，工作线程挂起...
memWork_2 工作线程启动...
memWork_2 工作线程进入循环...
memWork_2 无任务，工作线程挂起...
memWork_1 工作线程启动...
memWork_1 工作线程进入循环...
memWork_1 无任务，工作线程挂起...
memWork_4 工作线程启动...
memWork_4 工作线程进入循环...
memWork_4 无任务，工作线程挂起...
memWork_0 工作线程启动...
memWork_0 工作线程进入循环...
memWork_0 无任务，工作线程挂起...
memMgr_0 管理线程启动...
memMgr_0 管理线程进入循环...
memMgr_0 无任务，管理线程挂起...
memMgr_0 管理线程初始化任务task_10000...
memWork_0 初始化工作线程任务task_10000...
memMgr_0 管理线程通知工作线程执行任务task_10000...
memWork_0 通知工作线程运行任务task_10000...
memMgr_0 管理线程进入循环...
memWork_0 工作线程运行任务task_10000...
memMgr_0 无任务，管理线程挂起...
test2任务update() 更新数据123...
memWork_0 任务task_10000节点1处理完成...
memWork_0 工作线程进入循环...
memWork_0 无任务，工作线程挂起...
memMgr_0 管理线程初始化任务task_10001...
memWork_1 初始化工作线程任务task_10001...
memMgr_0 管理线程通知工作线程执行任务task_10001...
memWork_1 通知工作线程运行任务task_10001...
memMgr_0 管理线程进入循环...
memMgr_0 无任务，管理线程挂起...
memWork_1 工作线程运行任务task_10001...
123
memWork_1 任务task_10001节点1处理完成...
memWork_1 工作线程进入循环...
memWork_1 无任务，工作线程挂起...
memMgr_0 管理线程初始化任务task_10000...
memWork_2 初始化工作线程任务task_10000...
memMgr_0 管理线程通知工作线程执行任务task_10000...
memWork_2 通知工作线程运行任务task_10000...
memMgr_0 管理线程进入循环...
memWork_2 工作线程运行任务task_10000...
memMgr_0 无任务，管理线程挂起...
test2任务update() 更新数据123...
memWork_2 任务task_10000节点1处理完成...
memMgr_0 管理线程初始化任务task_10001...
memWork_2 工作线程进入循环...
memWork_2 无任务，工作线程挂起...
memWork_3 初始化工作线程任务task_10001...
memMgr_0 管理线程通知工作线程执行任务task_10001...
memWork_3 通知工作线程运行任务task_10001...
memMgr_0 管理线程进入循环...
memWork_3 工作线程运行任务task_10001...
memMgr_0 无任务，管理线程挂起...
123
memMgr_0 管理线程初始化任务task_10000...
memWork_4 初始化工作线程任务task_10000...
memMgr_0 管理线程通知工作线程执行任务task_10000...
memWork_4 通知工作线程运行任务task_10000...
memMgr_0 管理线程进入循环...
memWork_4 工作线程运行任务task_10000...
memMgr_0 无任务，管理线程挂起...
memWork_3 任务task_10001节点1处理完成...
test2任务update() 更新数据123...
memWork_3 工作线程进入循环...
memWork_3 无任务，工作线程挂起...
memWork_4 任务task_10000节点1处理完成...
memMgr_0 管理线程初始化任务task_10001...
memWork_4 工作线程进入循环...
memWork_0 初始化工作线程任务task_10001...
memMgr_0 管理线程通知工作线程执行任务task_10001...
memWork_0 通知工作线程运行任务task_10001...
memMgr_0 管理线程进入循环...
memMgr_0 管理线程初始化任务task_10000...
memWork_1 初始化工作线程任务task_10000...
memMgr_0 管理线程通知工作线程执行任务task_10000...
memWork_1 通知工作线程运行任务task_10000...
memMgr_0 管理线程进入循环...
memMgr_0 管理线程初始化任务task_10001...
10001 任务不在准备状态Run...
memMgr_0 管理线程通知工作线程执行任务task_10001...
memMgr_0 管理线程进入循环...
memMgr_0 管理线程初始化任务task_10000...
10000 任务不在准备状态Run...
memMgr_0 管理线程通知工作线程执行任务task_10000...
memMgr_0 管理线程进入循环...
memWork_1 工作线程运行任务task_10000...
test2任务update() 更新数据123...
memWork_1 任务task_10000节点1处理完成...
memMgr_0 无任务，管理线程挂起...
memWork_1 工作线程进入循环...
memWork_1 无任务，工作线程挂起...
memWork_0 工作线程运行任务task_10001...
123
memWork_4 无任务，工作线程挂起...
memMgr_0 管理线程初始化任务task_10001...
10001 任务不在准备状态Run...
memMgr_0 管理线程通知工作线程执行任务task_10001...
memMgr_0 管理线程进入循环...
memMgr_0 管理线程初始化任务task_10000...
memWork_2 初始化工作线程任务task_10000...
memMgr_0 管理线程通知工作线程执行任务task_10000...
memWork_2 通知工作线程运行任务task_10000...
memMgr_0 管理线程进入循环...
memWork_2 工作线程运行任务task_10000...
memMgr_0 无任务，管理线程挂起...
memWork_0 任务task_10001节点1处理完成...
test2任务update() 更新数据123...
memWork_2 任务task_10000节点1处理完成...
memMgr_0 管理线程初始化任务task_10001...
memWork_3 初始化工作线程任务task_10001...
memWork_2 工作线程进入循环...
memWork_2 无任务，工作线程挂起...
memWork_0 工作线程进入循环...
memMgr_0 管理线程通知工作线程执行任务task_10001...
memWork_3 通知工作线程运行任务task_10001...
memMgr_0 管理线程进入循环...
memWork_3 工作线程运行任务task_10001...
123
memMgr_0 管理线程初始化任务task_10000...
memWork_4 初始化工作线程任务task_10000...
memMgr_0 管理线程通知工作线程执行任务task_10000...
memWork_4 通知工作线程运行任务task_10000...
memMgr_0 管理线程进入循环...
memMgr_0 管理线程初始化任务task_10000...
10000 任务不在准备状态Run...
memMgr_0 管理线程通知工作线程执行任务task_10000...
memMgr_0 管理线程进入循环...
memMgr_0 管理线程初始化任务task_10001...
10001 任务不在准备状态Run...
memMgr_0 管理线程通知工作线程执行任务task_10001...
memMgr_0 管理线程进入循环...
memMgr_0 无任务，管理线程挂起...
memWork_0 无任务，工作线程挂起...
memWork_4 工作线程运行任务task_10000...
memWork_3 任务task_10001节点1处理完成...
test2任务update() 更新数据123...
memWork_4 任务task_10000节点1处理完成...
memWork_3 工作线程进入循环...
memWork_3 无任务，工作线程挂起...
memMgr_0 管理线程初始化任务task_10001...
memWork_4 工作线程进入循环...
memWork_4 无任务，工作线程挂起...
memWork_1 初始化工作线程任务task_10001...
memMgr_0 管理线程通知工作线程执行任务task_10001...
memWork_1 通知工作线程运行任务task_10001...
memMgr_0 管理线程进入循环...
memWork_1 工作线程运行任务task_10001...
123
memMgr_0 管理线程初始化任务task_10001...
10001 任务不在准备状态Run...
memMgr_0 管理线程通知工作线程执行任务task_10001...
memMgr_0 管理线程进入循环...
memMgr_0 无任务，管理线程挂起...
memWork_1 任务task_10001节点1处理完成...
memWork_1 工作线程进入循环...
memWork_1 无任务，工作线程挂起...
memMgr_0 管理线程初始化任务task_10000...
memWork_0 初始化工作线程任务task_10000...
memMgr_0 管理线程通知工作线程执行任务task_10000...
memWork_0 通知工作线程运行任务task_10000...
memMgr_0 管理线程进入循环...
memWork_0 工作线程运行任务task_10000...
memMgr_0 无任务，管理线程挂起...
test2任务update() 更新数据123...
memWork_0 任务task_10000节点1处理完成...
memWork_0 工作线程进入循环...
memMgr_0 管理线程初始化任务task_10001...
memWork_0 无任务，工作线程挂起...
memWork_2 初始化工作线程任务task_10001...
memMgr_0 管理线程通知工作线程执行任务task_10001...
memWork_2 通知工作线程运行任务task_10001...
memMgr_0 管理线程进入循环...
memWork_2 工作线程运行任务task_10001...
memMgr_0 无任务，管理线程挂起...
123
memMgr_0 管理线程初始化任务task_10000...
memWork_3 初始化工作线程任务task_10000...
memMgr_0 管理线程通知工作线程执行任务task_10000...
memWork_3 通知工作线程运行任务task_10000...
memMgr_0 管理线程进入循环...
memMgr_0 无任务，管理线程挂起...
memWork_3 工作线程运行任务task_10000...
memWork_2 任务task_10001节点1处理完成...
test2任务update() 更新数据123...
memWork_3 任务task_10000节点1处理完成...
memMgr_0 管理线程初始化任务task_10001...
10001 任务不在准备状态Wait...
memMgr_0 管理线程通知工作线程执行任务task_10001...
memMgr_0 管理线程进入循环...
memWork_2 工作线程进入循环...
memWork_2 无任务，工作线程挂起...
memMgr_0 管理线程初始化任务task_10000...
memWork_3 工作线程进入循环...
memWork_3 无任务，工作线程挂起...
memWork_4 初始化工作线程任务task_10000...
memMgr_0 管理线程通知工作线程执行任务task_10000...
memWork_4 通知工作线程运行任务task_10000...
memMgr_0 管理线程进入循环...
memMgr_0 管理线程初始化任务task_10000...
10000 任务不在准备状态Run...
memMgr_0 管理线程通知工作线程执行任务task_10000...
memMgr_0 管理线程进入循环...
memMgr_0 管理线程初始化任务task_10001...
memWork_1 初始化工作线程任务task_10001...
memMgr_0 管理线程通知工作线程执行任务task_10001...
memWork_1 通知工作线程运行任务task_10001...
memMgr_0 管理线程进入循环...
memMgr_0 无任务，管理线程挂起...
memWork_4 工作线程运行任务task_10000...
test2任务update() 更新数据123...
memWork_4 任务task_10000节点1处理完成...
memWork_4 工作线程进入循环...
memWork_4 无任务，工作线程挂起...
memMgr_0 管理线程初始化任务task_10001...
10001 任务不在准备状态Run...
memMgr_0 管理线程通知工作线程执行任务task_10001...
memMgr_0 管理线程进入循环...
memMgr_0 无任务，管理线程挂起...
memWork_1 工作线程运行任务task_10001...
123
memMgr_0 管理线程初始化任务task_10000...
memWork_0 初始化工作线程任务task_10000...
memMgr_0 管理线程通知工作线程执行任务task_10000...
memWork_0 通知工作线程运行任务task_10000...
memMgr_0 管理线程进入循环...
memWork_0 工作线程运行任务task_10000...
memMgr_0 无任务，管理线程挂起...
memWork_1 任务task_10001节点1处理完成...
test2任务update() 更新数据123...
memWork_0 任务task_10000节点1处理完成...
memMgr_0 管理线程初始化任务task_10001...
memWork_0 工作线程进入循环...
memWork_0 无任务，工作线程挂起...
memWork_1 工作线程进入循环...
10001 任务不在准备状态Wait...
memMgr_0 管理线程通知工作线程执行任务task_10001...
memMgr_0 管理线程进入循环...
memMgr_0 无任务，管理线程挂起...
memWork_1 无任务，工作线程挂起...
memMgr_0 管理线程初始化任务task_10000...
memWork_3 初始化工作线程任务task_10000...
memMgr_0 管理线程通知工作线程执行任务task_10000...
memWork_3 通知工作线程运行任务task_10000...
memMgr_0 管理线程进入循环...
memWork_3 工作线程运行任务task_10000...
memMgr_0 管理线程初始化任务task_10000...
test2任务update() 更新数据a...
10000 任务不在准备状态Run...
test2任务update() 更新数据a...
memMgr_0 管理线程通知工作线程执行任务task_10000...
memWork_3 任务task_10000节点1处理完成...
memMgr_0 管理线程进入循环...
memWork_3 工作线程进入循环...
memWork_3 无任务，工作线程挂起...
memMgr_0 管理线程初始化任务task_10001...
memWork_2 初始化工作线程任务task_10001...
memMgr_0 管理线程通知工作线程执行任务task_10001...
memWork_2 通知工作线程运行任务task_10001...
memMgr_0 管理线程进入循环...
memWork_2 工作线程运行任务task_10001...
a
memMgr_0 管理线程初始化任务task_10001...
10001 任务不在准备状态Run...
memMgr_0 管理线程通知工作线程执行任务task_10001...
memMgr_0 管理线程进入循环...
memMgr_0 管理线程初始化任务task_10000...
memWork_4 初始化工作线程任务task_10000...
memMgr_0 管理线程通知工作线程执行任务task_10000...
memWork_4 通知工作线程运行任务task_10000...
memMgr_0 管理线程进入循环...
memMgr_0 管理线程初始化任务task_10001...
10001 任务不在准备状态Run...
memMgr_0 管理线程通知工作线程执行任务task_10001...
memMgr_0 管理线程进入循环...
memMgr_0 无任务，管理线程挂起...
memMgr_0 管理线程初始化任务task_10000...
10000 任务不在准备状态Error...
memMgr_0 管理线程通知工作线程执行任务task_10000...
memMgr_0 管理线程进入循环...
memMgr_0 无任务，管理线程挂起...
memWork_2 任务task_10001节点1处理完成...
memWork_2 工作线程进入循环...
memWork_2 无任务，工作线程挂起...
memMgr_0 管理线程初始化任务task_10000...
10000 任务不在准备状态Error...
memMgr_0 管理线程通知工作线程执行任务task_10000...
memMgr_0 管理线程进入循环...
memMgr_0 无任务，管理线程挂起...
memMgr_0 管理线程初始化任务task_10000...
10000 任务不在准备状态Error...
memMgr_0 管理线程通知工作线程执行任务task_10000...
memMgr_0 管理线程进入循环...
memMgr_0 无任务，管理线程挂起...
memMgr_0 管理线程初始化任务task_10000...
10000 任务不在准备状态Error...
memMgr_0 管理线程通知工作线程执行任务task_10000...
memMgr_0 管理线程进入循环...
memMgr_0 无任务，管理线程挂起...
memMgr_0 管理线程初始化任务task_10000...
10000 任务不在准备状态Error...
memMgr_0 管理线程通知工作线程执行任务task_10000...
memMgr_0 管理线程进入循环...
memMgr_0 无任务，管理线程挂起...
memMgr_0 管理线程初始化任务task_10000...
10000 任务不在准备状态Error...
memMgr_0 管理线程通知工作线程执行任务task_10000...
memMgr_0 管理线程进入循环...
memMgr_0 无任务，管理线程挂起...
memMgr_0 管理线程初始化任务task_10000...
10000 任务不在准备状态Error...
memMgr_0 管理线程通知工作线程执行任务task_10000...
memMgr_0 管理线程进入循环...
memMgr_0 无任务，管理线程挂起...
memMgr_0 管理线程初始化任务task_10000...
10000 任务不在准备状态Error...
memMgr_0 管理线程通知工作线程执行任务task_10000...
memMgr_0 管理线程进入循环...
memMgr_0 无任务，管理线程挂起...
memMgr_0 管理线程初始化任务task_10000...
10000 任务不在准备状态Error...
memMgr_0 管理线程通知工作线程执行任务task_10000...
memMgr_0 管理线程进入循环...
memMgr_0 无任务，管理线程挂起...
